<?xml version="1.0" encoding="UTF-8"?>
<!-- Generated by org.testng.reporters.JUnitXMLReporter -->
<testsuite hostname="DELLG02BWX1" ignored="0" name="Test" tests="1" failures="1" timestamp="09 Mar 2020 16:22:36 GMT" time="17.716" errors="0">
  <testcase name="HowAreQuizTest" time="17.674" classname="HowAreYou_Tests.HowAreYou_Quiz">
    <failure type="org.openqa.selenium.SessionNotCreatedException" message="session not created
from chrome not reachable
  (Session info: chrome=80.0.3987.132)
Build info: version: &amp;apos;3.141.59&amp;apos;, revision: &amp;apos;e82be7d358&amp;apos;, time: &amp;apos;2018-11-14T08:17:03&amp;apos;
System info: host: &amp;apos;DELLG02BWX1&amp;apos;, ip: &amp;apos;192.168.10.226&amp;apos;, os.name: &amp;apos;Windows 10&amp;apos;, os.arch: &amp;apos;amd64&amp;apos;, os.version: &amp;apos;10.0&amp;apos;, java.version: &amp;apos;1.8.0_131&amp;apos;
Driver info: driver.version: ChromeDriver
remote stacktrace: Backtrace:
	Ordinal0 [0x00950C83+1707139]
	Ordinal0 [0x008B68F1+1075441]
	Ordinal0 [0x0082DE72+515698]
	Ordinal0 [0x00827CA8+490664]
	Ordinal0 [0x0082839B+492443]
	Ordinal0 [0x008292F5+496373]
	Ordinal0 [0x00824F05+478981]
	Ordinal0 [0x0082ECA0+519328]
	Ordinal0 [0x007DCA67+182887]
	Ordinal0 [0x007DBDDD+179677]
	Ordinal0 [0x007D9D4B+171339]
	Ordinal0 [0x007C1D4A+73034]
	Ordinal0 [0x007C2DC0+77248]
	Ordinal0 [0x007C2D59+77145]
	Ordinal0 [0x008CBB67+1162087]
	GetHandleVerifier [0x009EA966+508998]
	GetHandleVerifier [0x009EA6A4+508292]
	GetHandleVerifier [0x009FF7B7+594583]
	GetHandleVerifier [0x009EB1D6+511158]
	Ordinal0 [0x008C402C+1130540]
	Ordinal0 [0x008CD4CB+1168587]
	Ordinal0 [0x008CD633+1168947]
	Ordinal0 [0x008E5B35+1268533]
	BaseThreadInitThunk [0x760F6359+25]
	RtlGetAppContainerNamedObjectPath [0x771A7B74+228]
	RtlGetAppContainerNamedObjectPath [0x771A7B44+180]
">
      <![CDATA[org.openqa.selenium.SessionNotCreatedException: session not created
from chrome not reachable
  (Session info: chrome=80.0.3987.132)
Build info: version: '3.141.59', revision: 'e82be7d358', time: '2018-11-14T08:17:03'
System info: host: 'DELLG02BWX1', ip: '192.168.10.226', os.name: 'Windows 10', os.arch: 'amd64', os.version: '10.0', java.version: '1.8.0_131'
Driver info: driver.version: ChromeDriver
remote stacktrace: Backtrace:
Ordinal0 [0x00950C83+1707139]
Ordinal0 [0x008B68F1+1075441]
Ordinal0 [0x0082DE72+515698]
Ordinal0 [0x00827CA8+490664]
Ordinal0 [0x0082839B+492443]
Ordinal0 [0x008292F5+496373]
Ordinal0 [0x00824F05+478981]
Ordinal0 [0x0082ECA0+519328]
Ordinal0 [0x007DCA67+182887]
Ordinal0 [0x007DBDDD+179677]
Ordinal0 [0x007D9D4B+171339]
Ordinal0 [0x007C1D4A+73034]
Ordinal0 [0x007C2DC0+77248]
Ordinal0 [0x007C2D59+77145]
Ordinal0 [0x008CBB67+1162087]
GetHandleVerifier [0x009EA966+508998]
GetHandleVerifier [0x009EA6A4+508292]
GetHandleVerifier [0x009FF7B7+594583]
GetHandleVerifier [0x009EB1D6+511158]
Ordinal0 [0x008C402C+1130540]
Ordinal0 [0x008CD4CB+1168587]
Ordinal0 [0x008CD633+1168947]
Ordinal0 [0x008E5B35+1268533]
BaseThreadInitThunk [0x760F6359+25]
RtlGetAppContainerNamedObjectPath [0x771A7B74+228]
RtlGetAppContainerNamedObjectPath [0x771A7B44+180]

at org.openqa.selenium.remote.W3CHandshakeResponse.lambda$errorHandler$0(W3CHandshakeResponse.java:62)
at org.openqa.selenium.remote.HandshakeResponse.lambda$getResponseFunction$0(HandshakeResponse.java:30)
at org.openqa.selenium.remote.ProtocolHandshake.lambda$createSession$0(ProtocolHandshake.java:126)
at java.util.stream.ReferencePipeline$3$1.accept(ReferencePipeline.java:193)
at java.util.Spliterators$ArraySpliterator.tryAdvance(Spliterators.java:958)
at java.util.stream.ReferencePipeline.forEachWithCancel(ReferencePipeline.java:126)
at java.util.stream.AbstractPipeline.copyIntoWithCancel(AbstractPipeline.java:498)
at java.util.stream.AbstractPipeline.copyInto(AbstractPipeline.java:485)
at java.util.stream.AbstractPipeline.wrapAndCopyInto(AbstractPipeline.java:471)
at java.util.stream.FindOps$FindOp.evaluateSequential(FindOps.java:152)
at java.util.stream.AbstractPipeline.evaluate(AbstractPipeline.java:234)
at java.util.stream.ReferencePipeline.findFirst(ReferencePipeline.java:464)
at org.openqa.selenium.remote.ProtocolHandshake.createSession(ProtocolHandshake.java:128)
at org.openqa.selenium.remote.ProtocolHandshake.createSession(ProtocolHandshake.java:74)
at org.openqa.selenium.remote.HttpCommandExecutor.execute(HttpCommandExecutor.java:136)
at org.openqa.selenium.remote.service.DriverCommandExecutor.execute(DriverCommandExecutor.java:83)
at org.openqa.selenium.remote.RemoteWebDriver.execute(RemoteWebDriver.java:552)
at org.openqa.selenium.remote.RemoteWebDriver.startSession(RemoteWebDriver.java:213)
at org.openqa.selenium.remote.RemoteWebDriver.<init>(RemoteWebDriver.java:131)
at org.openqa.selenium.chrome.ChromeDriver.<init>(ChromeDriver.java:181)
at org.openqa.selenium.chrome.ChromeDriver.<init>(ChromeDriver.java:168)
at org.openqa.selenium.chrome.ChromeDriver.<init>(ChromeDriver.java:123)
at KeyMethods.MainMethods.Open_HowAreQuiz_website(MainMethods.java:78)
at HowAreYou_Tests.HowAreYou_Quiz.HowAreQuizTest(HowAreYou_Quiz.java:30)
... Removed 32 stack frames]]>
    </failure>
  </testcase> <!-- HowAreQuizTest -->
</testsuite> <!-- Test -->
